[TIME:2016-08-11 18:08:27] --- [url:{http://119.28.19.213:8004/index.php/agent/match/ajaxTable}] --- [data:{array(
'post'=>
array(
'extra_search'=>
array(
0=>
array(
'req'=>
array(
'ukey'=>'3020118',
'date'=>'2016-08-11',
'stime'=>'00:00',
'etime'=>'23:59',
'gid'=>'44',
'keytype'=>'1',
'table_120_length'=>'25',
),
),
),
),
'post_input'=>'extra_search%5B0%5D%5Breq%5D%5Bukey%5D=3020118&extra_search%5B0%5D%5Breq%5D%5Bdate%5D=2016-08-11&extra_search%5B0%5D%5Breq%5D%5Bstime%5D=00%3A00&extra_search%5B0%5D%5Breq%5D%5Betime%5D=23%3A59&extra_search%5B0%5D%5Breq%5D%5Bgid%5D=44&extra_search%5B0%5D%5Breq%5D%5Bkeytype%5D=1&extra_search%5B0%5D%5Breq%5D%5Btable_120_length%5D=25',
)}] --- [ret:{NULL}]
[TIME:2016-08-11 18:08:27] --- [url:{http://119.28.19.213:8004/index.php/agent/match/ajaxTable}] --- [data:{array(
'post'=>
array(
'extra_search'=>
array(
0=>
array(
'req'=>
array(
'ukey'=>'3020118',
'date'=>'2016-08-11',
'stime'=>'00:00',
'etime'=>'23:59',
'gid'=>'44',
'keytype'=>'1',
'table_120_length'=>'25',
),
),
),
),
'post_input'=>'extra_search%5B0%5D%5Breq%5D%5Bukey%5D=3020118&extra_search%5B0%5D%5Breq%5D%5Bdate%5D=2016-08-11&extra_search%5B0%5D%5Breq%5D%5Bstime%5D=00%3A00&extra_search%5B0%5D%5Breq%5D%5Betime%5D=23%3A59&extra_search%5B0%5D%5Breq%5D%5Bgid%5D=44&extra_search%5B0%5D%5Breq%5D%5Bkeytype%5D=1&extra_search%5B0%5D%5Breq%5D%5Btable_120_length%5D=25',
)}] --- [ret:{NULL}]
[TIME:2016-08-11 18:08:27] --- [url:{http://119.28.19.213:8004/index.php/agent/match/ajaxTable}] --- [data:{array(
'post'=>
array(
'extra_search'=>
array(
0=>
array(
'req'=>
array(
'ukey'=>'3020118',
'date'=>'2016-08-11',
'stime'=>'00:00',
'etime'=>'23:59',
'gid'=>'44',
'keytype'=>'1',
'table_120_length'=>'25',
),
),
),
),
'post_input'=>'extra_search%5B0%5D%5Breq%5D%5Bukey%5D=3020118&extra_search%5B0%5D%5Breq%5D%5Bdate%5D=2016-08-11&extra_search%5B0%5D%5Breq%5D%5Bstime%5D=00%3A00&extra_search%5B0%5D%5Breq%5D%5Betime%5D=23%3A59&extra_search%5B0%5D%5Breq%5D%5Bgid%5D=44&extra_search%5B0%5D%5Breq%5D%5Bkeytype%5D=1&extra_search%5B0%5D%5Breq%5D%5Btable_120_length%5D=25',
)}] --- [ret:{NULL}]
[TIME:2016-08-11 18:08:27] --- [url:{http://119.28.19.213:8004/index.php/agent/match/ajaxTable}] --- [data:{array(
'post'=>
array(
'extra_search'=>
array(
0=>
array(
'req'=>
array(
'ukey'=>'3020118',
'date'=>'2016-08-11',
'stime'=>'00:00',
'etime'=>'23:59',
'gid'=>'44',
'keytype'=>'1',
'table_120_length'=>'25',
),
),
),
),
'post_input'=>'extra_search%5B0%5D%5Breq%5D%5Bukey%5D=3020118&extra_search%5B0%5D%5Breq%5D%5Bdate%5D=2016-08-11&extra_search%5B0%5D%5Breq%5D%5Bstime%5D=00%3A00&extra_search%5B0%5D%5Breq%5D%5Betime%5D=23%3A59&extra_search%5B0%5D%5Breq%5D%5Bgid%5D=44&extra_search%5B0%5D%5Breq%5D%5Bkeytype%5D=1&extra_search%5B0%5D%5Breq%5D%5Btable_120_length%5D=25',
)}] --- [ret:{NULL}]
[TIME:2016-08-11 18:08:27] --- [url:{http://119.28.19.213:8004/index.php/agent/match/ajaxTable}] --- [data:{array(
'post'=>
array(
'extra_search'=>
array(
0=>
array(
'req'=>
array(
'ukey'=>'3020118',
'date'=>'2016-08-11',
'stime'=>'00:00',
'etime'=>'23:59',
'gid'=>'44',
'keytype'=>'1',
'table_120_length'=>'25',
),
),
),
),
'post_input'=>'extra_search%5B0%5D%5Breq%5D%5Bukey%5D=3020118&extra_search%5B0%5D%5Breq%5D%5Bdate%5D=2016-08-11&extra_search%5B0%5D%5Breq%5D%5Bstime%5D=00%3A00&extra_search%5B0%5D%5Breq%5D%5Betime%5D=23%3A59&extra_search%5B0%5D%5Breq%5D%5Bgid%5D=44&extra_search%5B0%5D%5Breq%5D%5Bkeytype%5D=1&extra_search%5B0%5D%5Breq%5D%5Btable_120_length%5D=25',
)}] --- [ret:{NULL}]
[TIME:2016-08-11 18:08:27] --- [url:{http://119.28.19.213:8004/index.php/agent/match/ajaxTable}] --- [data:{array(
'post'=>
array(
'extra_search'=>
array(
0=>
array(
'req'=>
array(
'ukey'=>'3020118',
'date'=>'2016-08-11',
'stime'=>'00:00',
'etime'=>'23:59',
'gid'=>'44',
'keytype'=>'1',
'table_120_length'=>'25',
),
),
),
),
'post_input'=>'extra_search%5B0%5D%5Breq%5D%5Bukey%5D=3020118&extra_search%5B0%5D%5Breq%5D%5Bdate%5D=2016-08-11&extra_search%5B0%5D%5Breq%5D%5Bstime%5D=00%3A00&extra_search%5B0%5D%5Breq%5D%5Betime%5D=23%3A59&extra_search%5B0%5D%5Breq%5D%5Bgid%5D=44&extra_search%5B0%5D%5Breq%5D%5Bkeytype%5D=1&extra_search%5B0%5D%5Breq%5D%5Btable_120_length%5D=25',
)}] --- [ret:{NULL}]
[TIME:2016-08-11 18:08:27] --- [url:{http://119.28.19.213:8004/index.php/agent/match/ajaxTable}] --- [data:{array(
'post'=>
array(
'extra_search'=>
array(
0=>
array(
'req'=>
array(
'ukey'=>'3020118',
'date'=>'2016-08-11',
'stime'=>'00:00',
'etime'=>'23:59',
'gid'=>'44',
'keytype'=>'1',
'table_120_length'=>'25',
),
),
),
),
'post_input'=>'extra_search%5B0%5D%5Breq%5D%5Bukey%5D=3020118&extra_search%5B0%5D%5Breq%5D%5Bdate%5D=2016-08-11&extra_search%5B0%5D%5Breq%5D%5Bstime%5D=00%3A00&extra_search%5B0%5D%5Breq%5D%5Betime%5D=23%3A59&extra_search%5B0%5D%5Breq%5D%5Bgid%5D=44&extra_search%5B0%5D%5Breq%5D%5Bkeytype%5D=1&extra_search%5B0%5D%5Breq%5D%5Btable_120_length%5D=25',
)}] --- [ret:{NULL}]
[TIME:2016-08-11 18:08:27] --- [url:{http://119.28.19.213:8004/index.php/agent/match/ajaxTable}] --- [data:{array(
'post'=>
array(
'extra_search'=>
array(
0=>
array(
'req'=>
array(
'ukey'=>'3020118',
'date'=>'2016-08-11',
'stime'=>'00:00',
'etime'=>'23:59',
'gid'=>'44',
'keytype'=>'1',
'table_120_length'=>'25',
),
),
),
),
'post_input'=>'extra_search%5B0%5D%5Breq%5D%5Bukey%5D=3020118&extra_search%5B0%5D%5Breq%5D%5Bdate%5D=2016-08-11&extra_search%5B0%5D%5Breq%5D%5Bstime%5D=00%3A00&extra_search%5B0%5D%5Breq%5D%5Betime%5D=23%3A59&extra_search%5B0%5D%5Breq%5D%5Bgid%5D=44&extra_search%5B0%5D%5Breq%5D%5Bkeytype%5D=1&extra_search%5B0%5D%5Breq%5D%5Btable_120_length%5D=25',
)}] --- [ret:{NULL}]
[TIME:2016-08-11 18:08:27] --- [url:{http://119.28.19.213:8004/index.php/agent/match/ajaxTable}] --- [data:{array(
'post'=>
array(
'extra_search'=>
array(
0=>
array(
'req'=>
array(
'ukey'=>'3020118',
'date'=>'2016-08-11',
'stime'=>'00:00',
'etime'=>'23:59',
'gid'=>'44',
'keytype'=>'1',
'table_120_length'=>'25',
),
),
),
),
'post_input'=>'extra_search%5B0%5D%5Breq%5D%5Bukey%5D=3020118&extra_search%5B0%5D%5Breq%5D%5Bdate%5D=2016-08-11&extra_search%5B0%5D%5Breq%5D%5Bstime%5D=00%3A00&extra_search%5B0%5D%5Breq%5D%5Betime%5D=23%3A59&extra_search%5B0%5D%5Breq%5D%5Bgid%5D=44&extra_search%5B0%5D%5Breq%5D%5Bkeytype%5D=1&extra_search%5B0%5D%5Breq%5D%5Btable_120_length%5D=25',
)}] --- [ret:{NULL}]
[TIME:2016-08-11 18:08:27] --- [url:{http://119.28.19.213:8004/index.php/agent/match/ajaxTable}] --- [data:{array(
'post'=>
array(
'extra_search'=>
array(
0=>
array(
'req'=>
array(
'ukey'=>'3020118',
'date'=>'2016-08-11',
'stime'=>'00:00',
'etime'=>'23:59',
'gid'=>'44',
'keytype'=>'1',
'table_120_length'=>'25',
),
),
),
),
'post_input'=>'extra_search%5B0%5D%5Breq%5D%5Bukey%5D=3020118&extra_search%5B0%5D%5Breq%5D%5Bdate%5D=2016-08-11&extra_search%5B0%5D%5Breq%5D%5Bstime%5D=00%3A00&extra_search%5B0%5D%5Breq%5D%5Betime%5D=23%3A59&extra_search%5B0%5D%5Breq%5D%5Bgid%5D=44&extra_search%5B0%5D%5Breq%5D%5Bkeytype%5D=1&extra_search%5B0%5D%5Breq%5D%5Btable_120_length%5D=25',
)}] --- [ret:{NULL}]
[TIME:2016-08-11 18:08:27] --- [url:{http://119.28.19.213:8004/index.php/agent/match/ajaxTable}] --- [data:{array(
'post'=>
array(
'extra_search'=>
array(
0=>
array(
'req'=>
array(
'ukey'=>'3020118',
'date'=>'2016-08-11',
'stime'=>'00:00',
'etime'=>'23:59',
'gid'=>'44',
'keytype'=>'1',
'table_120_length'=>'25',
),
),
),
),
'post_input'=>'extra_search%5B0%5D%5Breq%5D%5Bukey%5D=3020118&extra_search%5B0%5D%5Breq%5D%5Bdate%5D=2016-08-11&extra_search%5B0%5D%5Breq%5D%5Bstime%5D=00%3A00&extra_search%5B0%5D%5Breq%5D%5Betime%5D=23%3A59&extra_search%5B0%5D%5Breq%5D%5Bgid%5D=44&extra_search%5B0%5D%5Breq%5D%5Bkeytype%5D=1&extra_search%5B0%5D%5Breq%5D%5Btable_120_length%5D=25',
)}] --- [ret:{NULL}]
[TIME:2016-08-11 18:08:27] --- [url:{http://119.28.19.213:8004/index.php/agent/match/ajaxTable}] --- [data:{array(
'post'=>
array(
'extra_search'=>
array(
0=>
array(
'req'=>
array(
'ukey'=>'3020118',
'date'=>'2016-08-11',
'stime'=>'00:00',
'etime'=>'23:59',
'gid'=>'44',
'keytype'=>'1',
'table_120_length'=>'25',
),
),
),
),
'post_input'=>'extra_search%5B0%5D%5Breq%5D%5Bukey%5D=3020118&extra_search%5B0%5D%5Breq%5D%5Bdate%5D=2016-08-11&extra_search%5B0%5D%5Breq%5D%5Bstime%5D=00%3A00&extra_search%5B0%5D%5Breq%5D%5Betime%5D=23%3A59&extra_search%5B0%5D%5Breq%5D%5Bgid%5D=44&extra_search%5B0%5D%5Breq%5D%5Bkeytype%5D=1&extra_search%5B0%5D%5Breq%5D%5Btable_120_length%5D=25',
)}] --- [ret:{NULL}]
[TIME:2016-08-11 18:08:27] --- [url:{http://119.28.19.213:8004/index.php/agent/match/ajaxTable}] --- [data:{array(
'post'=>
array(
'extra_search'=>
array(
0=>
array(
'req'=>
array(
'ukey'=>'3020118',
'date'=>'2016-08-11',
'stime'=>'00:00',
'etime'=>'23:59',
'gid'=>'44',
'keytype'=>'1',
'table_120_length'=>'25',
),
),
),
),
'post_input'=>'extra_search%5B0%5D%5Breq%5D%5Bukey%5D=3020118&extra_search%5B0%5D%5Breq%5D%5Bdate%5D=2016-08-11&extra_search%5B0%5D%5Breq%5D%5Bstime%5D=00%3A00&extra_search%5B0%5D%5Breq%5D%5Betime%5D=23%3A59&extra_search%5B0%5D%5Breq%5D%5Bgid%5D=44&extra_search%5B0%5D%5Breq%5D%5Bkeytype%5D=1&extra_search%5B0%5D%5Breq%5D%5Btable_120_length%5D=25',
)}] --- [ret:{NULL}]
[TIME:2016-08-11 18:08:27] --- [url:{http://119.28.19.213:8004/index.php/agent/match/ajaxTable}] --- [data:{array(
'post'=>
array(
'extra_search'=>
array(
0=>
array(
'req'=>
array(
'ukey'=>'3020118',
'date'=>'2016-08-11',
'stime'=>'00:00',
'etime'=>'23:59',
'gid'=>'44',
'keytype'=>'1',
'table_120_length'=>'25',
),
),
),
),
'post_input'=>'extra_search%5B0%5D%5Breq%5D%5Bukey%5D=3020118&extra_search%5B0%5D%5Breq%5D%5Bdate%5D=2016-08-11&extra_search%5B0%5D%5Breq%5D%5Bstime%5D=00%3A00&extra_search%5B0%5D%5Breq%5D%5Betime%5D=23%3A59&extra_search%5B0%5D%5Breq%5D%5Bgid%5D=44&extra_search%5B0%5D%5Breq%5D%5Bkeytype%5D=1&extra_search%5B0%5D%5Breq%5D%5Btable_120_length%5D=25',
)}] --- [ret:{NULL}]
[TIME:2016-08-11 18:08:27] --- [url:{http://119.28.19.213:8004/index.php/agent/match/ajaxTable}] --- [data:{array(
'post'=>
array(
'extra_search'=>
array(
0=>
array(
'req'=>
array(
'ukey'=>'3020118',
'date'=>'2016-08-11',
'stime'=>'00:00',
'etime'=>'23:59',
'gid'=>'44',
'keytype'=>'1',
'table_120_length'=>'25',
),
),
),
),
'post_input'=>'extra_search%5B0%5D%5Breq%5D%5Bukey%5D=3020118&extra_search%5B0%5D%5Breq%5D%5Bdate%5D=2016-08-11&extra_search%5B0%5D%5Breq%5D%5Bstime%5D=00%3A00&extra_search%5B0%5D%5Breq%5D%5Betime%5D=23%3A59&extra_search%5B0%5D%5Breq%5D%5Bgid%5D=44&extra_search%5B0%5D%5Breq%5D%5Bkeytype%5D=1&extra_search%5B0%5D%5Breq%5D%5Btable_120_length%5D=25',
)}] --- [ret:{NULL}]
[TIME:2016-08-11 18:08:27] --- [url:{http://119.28.19.213:8004/index.php/agent/match/ajaxTable}] --- [data:{array(
'post'=>
array(
'extra_search'=>
array(
0=>
array(
'req'=>
array(
'ukey'=>'3020118',
'date'=>'2016-08-11',
'stime'=>'00:00',
'etime'=>'23:59',
'gid'=>'44',
'keytype'=>'1',
'table_120_length'=>'25',
),
),
),
),
'post_input'=>'extra_search%5B0%5D%5Breq%5D%5Bukey%5D=3020118&extra_search%5B0%5D%5Breq%5D%5Bdate%5D=2016-08-11&extra_search%5B0%5D%5Breq%5D%5Bstime%5D=00%3A00&extra_search%5B0%5D%5Breq%5D%5Betime%5D=23%3A59&extra_search%5B0%5D%5Breq%5D%5Bgid%5D=44&extra_search%5B0%5D%5Breq%5D%5Bkeytype%5D=1&extra_search%5B0%5D%5Breq%5D%5Btable_120_length%5D=25',
)}] --- [ret:{NULL}]
[TIME:2016-08-11 18:08:27] --- [url:{http://119.28.19.213:8004/index.php/agent/match/ajaxTable}] --- [data:{array(
'post'=>
array(
'extra_search'=>
array(
0=>
array(
'req'=>
array(
'ukey'=>'3020118',
'date'=>'2016-08-11',
'stime'=>'00:00',
'etime'=>'23:59',
'gid'=>'44',
'keytype'=>'1',
'table_120_length'=>'25',
),
),
),
),
'post_input'=>'extra_search%5B0%5D%5Breq%5D%5Bukey%5D=3020118&extra_search%5B0%5D%5Breq%5D%5Bdate%5D=2016-08-11&extra_search%5B0%5D%5Breq%5D%5Bstime%5D=00%3A00&extra_search%5B0%5D%5Breq%5D%5Betime%5D=23%3A59&extra_search%5B0%5D%5Breq%5D%5Bgid%5D=44&extra_search%5B0%5D%5Breq%5D%5Bkeytype%5D=1&extra_search%5B0%5D%5Breq%5D%5Btable_120_length%5D=25',
)}] --- [ret:{NULL}]
[TIME:2016-08-11 18:08:27] --- [url:{http://119.28.19.213:8004/index.php/agent/match/ajaxTable}] --- [data:{array(
'post'=>
array(
'extra_search'=>
array(
0=>
array(
'req'=>
array(
'ukey'=>'3020118',
'date'=>'2016-08-11',
'stime'=>'00:00',
'etime'=>'23:59',
'gid'=>'44',
'keytype'=>'1',
'table_120_length'=>'25',
),
),
),
),
'post_input'=>'extra_search%5B0%5D%5Breq%5D%5Bukey%5D=3020118&extra_search%5B0%5D%5Breq%5D%5Bdate%5D=2016-08-11&extra_search%5B0%5D%5Breq%5D%5Bstime%5D=00%3A00&extra_search%5B0%5D%5Breq%5D%5Betime%5D=23%3A59&extra_search%5B0%5D%5Breq%5D%5Bgid%5D=44&extra_search%5B0%5D%5Breq%5D%5Bkeytype%5D=1&extra_search%5B0%5D%5Breq%5D%5Btable_120_length%5D=25',
)}] --- [ret:{NULL}]
[TIME:2016-08-11 18:08:27] --- [url:{http://119.28.19.213:8004/index.php/agent/match/ajaxTable}] --- [data:{array(
'post'=>
array(
'extra_search'=>
array(
0=>
array(
'req'=>
array(
'ukey'=>'3020118',
'date'=>'2016-08-11',
'stime'=>'00:00',
'etime'=>'23:59',
'gid'=>'44',
'keytype'=>'1',
'table_120_length'=>'25',
),
),
),
),
'post_input'=>'extra_search%5B0%5D%5Breq%5D%5Bukey%5D=3020118&extra_search%5B0%5D%5Breq%5D%5Bdate%5D=2016-08-11&extra_search%5B0%5D%5Breq%5D%5Bstime%5D=00%3A00&extra_search%5B0%5D%5Breq%5D%5Betime%5D=23%3A59&extra_search%5B0%5D%5Breq%5D%5Bgid%5D=44&extra_search%5B0%5D%5Breq%5D%5Bkeytype%5D=1&extra_search%5B0%5D%5Breq%5D%5Btable_120_length%5D=25',
)}] --- [ret:{NULL}]
